<?xml version="1.0" encoding="UTF-8"?>
<testsuites name="Mocha Tests" time="10.630" tests="3" failures="0">
  <testsuite name="Root Suite" timestamp="2023-09-11T08:09:20" tests="0" file="cypress\e2e\3- Automation-Test-Store\variables-and-cy-commands.js" time="0.000" failures="0">
  </testsuite>
  <testsuite name="Verifying variables, cypress commands and jquery commands" timestamp="2023-09-11T08:09:20" tests="3" time="10.592" failures="0">
    <testcase name="Verifying variables, cypress commands and jquery commands Navigating to specific product pages" time="4.321" classname="Navigating to specific product pages">
    </testcase>
    <testcase name="Verifying variables, cypress commands and jquery commands Navigating to specific product pages" time="1.801" classname="Navigating to specific product pages">
    </testcase>
    <testcase name="Verifying variables, cypress commands and jquery commands Validate properties of the Contact Us Page" time="0.964" classname="Validate properties of the Contact Us Page">
    </testcase>
  </testsuite>
</testsuites>