<?xml version="1.0" encoding="UTF-8"?>
<testsuites name="Mocha Tests" time="11.834" tests="2" failures="0">
  <testsuite name="Root Suite" timestamp="2023-09-11T08:10:31" tests="0" file="cypress\e2e\4-Web-Driver-Uni\contact-us-PageObject.js" time="0.000" failures="0">
  </testsuite>
  <testsuite name="Test Contact Us form via WebdriverUni" timestamp="2023-09-11T08:10:31" tests="2" time="11.782" failures="0">
    <testcase name="Test Contact Us form via WebdriverUni Should be able to submit a successful submission via contact us form" time="5.349" classname="Should be able to submit a successful submission via contact us form">
    </testcase>
    <testcase name="Test Contact Us form via WebdriverUni Should not be able to submit a successful submission via contact us form as all fields are required" time="2.878" classname="Should not be able to submit a successful submission via contact us form as all fields are required">
    </testcase>
  </testsuite>
</testsuites>