<?xml version="1.0" encoding="UTF-8"?>
<testsuites name="Mocha Tests" time="5.973" tests="1" failures="1">
  <testsuite name="Root Suite" timestamp="2023-09-11T08:09:37" tests="0" file="cypress\e2e\4-Web-Driver-Uni\autocomplete-dropdown-list.js" time="0.000" failures="0">
  </testsuite>
  <testsuite name="Verify Autocomplete dropwdown lists via webdriveruni" timestamp="2023-09-11T08:09:37" tests="1" time="5.936" failures="1">
    <testcase name="Verify Autocomplete dropwdown lists via webdriveruni Select specific product via autocomplete list" time="0.000" classname="Select specific product via autocomplete list">
      <failure message="`cy.visit()` failed trying to load:

/

We failed looking for this file at the path:

/Users/YounasHabibKHAN/Desktop/Cypress/

The internal Cypress web server responded with:

  &gt; 404: Not Found" type="CypressError"><![CDATA[CypressError: `cy.visit()` failed trying to load:

/

We failed looking for this file at the path:

/Users/YounasHabibKHAN/Desktop/Cypress/

The internal Cypress web server responded with:

  > 404: Not Found
    at <unknown> (https://www.webdriveruniversity.com/__cypress/runner/cypress_runner.js:147666:84)
    at visitFailedByErr (https://www.webdriveruniversity.com/__cypress/runner/cypress_runner.js:147074:12)
    at <unknown> (https://www.webdriveruniversity.com/__cypress/runner/cypress_runner.js:147649:13)
    at tryCatcher (https://www.webdriveruniversity.com/__cypress/runner/cypress_runner.js:18744:23)
    at Promise._settlePromiseFromHandler (https://www.webdriveruniversity.com/__cypress/runner/cypress_runner.js:16679:31)
    at Promise._settlePromise (https://www.webdriveruniversity.com/__cypress/runner/cypress_runner.js:16736:18)
    at Promise._settlePromise0 (https://www.webdriveruniversity.com/__cypress/runner/cypress_runner.js:16781:10)
    at Promise._settlePromises (https://www.webdriveruniversity.com/__cypress/runner/cypress_runner.js:16857:18)
    at _drainQueueStep (https://www.webdriveruniversity.com/__cypress/runner/cypress_runner.js:13451:12)
    at _drainQueue (https://www.webdriveruniversity.com/__cypress/runner/cypress_runner.js:13444:9)
    at ../../node_modules/bluebird/js/release/async.js.Async._drainQueues (https://www.webdriveruniversity.com/__cypress/runner/cypress_runner.js:13460:5)
    at Async.drainQueues (https://www.webdriveruniversity.com/__cypress/runner/cypress_runner.js:13330:14)
From Your Spec Code:
    at Context.eval (webpack:///./cypress/e2e/4-Web-Driver-Uni/autocomplete-dropdown-list.js:8:7)]]></failure>
    </testcase>
  </testsuite>
</testsuites>