<?xml version="1.0" encoding="UTF-8"?>
<testsuites name="Mocha Tests" time="1.819" tests="2" failures="1">
  <testsuite name="Root Suite" timestamp="2023-09-11T08:10:50" tests="0" file="cypress\e2e\4-Web-Driver-Uni\contact-us.js" time="0.000" failures="0">
  </testsuite>
  <testsuite name="Test Contact Us form via WebdriverUni" timestamp="2023-09-11T08:10:50" tests="2" time="1.781" failures="1">
    <testcase name="Test Contact Us form via WebdriverUni &quot;before each&quot; hook for &quot;Should be able to submit a successful submission via contact us form&quot;" time="0.000" classname="&quot;before each&quot; hook for &quot;Should be able to submit a successful submission via contact us form&quot;">
      <failure message="`cy.visit()` failed trying to load:

/

We failed looking for this file at the path:

/Users/YounasHabibKHAN/Desktop/Cypress/

The internal Cypress web server responded with:

  &gt; 404: Not Found

Because this error occurred during a `before each` hook we are skipping the remaining tests in the current suite: `Test Contact Us form via We...`" type="CypressError"><![CDATA[CypressError: `cy.visit()` failed trying to load:

/

We failed looking for this file at the path:

/Users/YounasHabibKHAN/Desktop/Cypress/

The internal Cypress web server responded with:

  > 404: Not Found

Because this error occurred during a `before each` hook we are skipping the remaining tests in the current suite: `Test Contact Us form via We...`
    at <unknown> (http://localhost:57104/__cypress/runner/cypress_runner.js:147666:84)
    at visitFailedByErr (http://localhost:57104/__cypress/runner/cypress_runner.js:147074:12)
    at <unknown> (http://localhost:57104/__cypress/runner/cypress_runner.js:147649:13)
    at tryCatcher (http://localhost:57104/__cypress/runner/cypress_runner.js:18744:23)
    at Promise._settlePromiseFromHandler (http://localhost:57104/__cypress/runner/cypress_runner.js:16679:31)
    at Promise._settlePromise (http://localhost:57104/__cypress/runner/cypress_runner.js:16736:18)
    at Promise._settlePromise0 (http://localhost:57104/__cypress/runner/cypress_runner.js:16781:10)
    at Promise._settlePromises (http://localhost:57104/__cypress/runner/cypress_runner.js:16857:18)
    at _drainQueueStep (http://localhost:57104/__cypress/runner/cypress_runner.js:13451:12)
    at _drainQueue (http://localhost:57104/__cypress/runner/cypress_runner.js:13444:9)
    at ../../node_modules/bluebird/js/release/async.js.Async._drainQueues (http://localhost:57104/__cypress/runner/cypress_runner.js:13460:5)
    at Async.drainQueues (http://localhost:57104/__cypress/runner/cypress_runner.js:13330:14)
From Your Spec Code:
    at Context.eval (webpack:///./cypress/e2e/4-Web-Driver-Uni/contact-us.js:12:7)]]></failure>
    </testcase>
  </testsuite>
</testsuites>