<?xml version="1.0" encoding="UTF-8"?>
<testsuites name="Mocha Tests" time="7.183" tests="3" failures="0" skipped="1">
  <testsuite name="Root Suite" timestamp="2023-09-11T08:12:35" tests="0" file="cypress\e2e\5-Other\same-origin-policy.js" time="0.000" failures="0">
  </testsuite>
  <testsuite name="Cypress web security" timestamp="2023-09-11T08:12:35" tests="3" time="7.165" failures="0">
    <testcase name="Cypress web security Validate visiting two different domains via user actions" time="2.870" classname="Validate visiting two different domains via user actions">
    </testcase>
    <testcase name="Cypress web security Origin command" time="2.242" classname="Origin command">
    </testcase>
  </testsuite>
</testsuites>